[15:06:23] [main/INFO]: Loading tweak class name net.minecraftforge.fml.common.launcher.FMLTweaker
[15:06:23] [main/INFO]: Using primary tweak class name net.minecraftforge.fml.common.launcher.FMLTweaker
[15:06:23] [main/INFO]: Calling tweak class net.minecraftforge.fml.common.launcher.FMLTweaker
[15:06:23] [main/INFO]: Forge Mod Loader version 14.23.5.2854 for Minecraft 1.12.2 loading
[15:06:23] [main/INFO]: Java is Java HotSpot(TM) 64-Bit Server VM, version 1.8.0_51, running on Windows 10:amd64:10.0, installed at C:\Users\danie\Twitch\Minecraft\Install\runtime\jre-x64
[15:06:23] [main/INFO]: Searching C:\Users\danie\Twitch\Minecraft\Instances\New Greg\mods for mods
[15:06:23] [main/WARN]: Found FMLCorePluginContainsFMLMod marker in AppleCore-mc1.12.2-3.4.0.jar. This is not recommended, @Mods should be in a separate jar from the coremod.
[15:06:23] [main/WARN]: The coremod AppleCore (squeek.applecore.AppleCore) is not signed!
[15:06:23] [main/INFO]: Loading tweak class name net.minecraftforge.fml.common.launcher.FMLInjectionAndSortingTweaker
[15:06:23] [main/INFO]: Loading tweak class name net.minecraftforge.fml.common.launcher.FMLDeobfTweaker
[15:06:23] [main/INFO]: Calling tweak class net.minecraftforge.fml.common.launcher.FMLInjectionAndSortingTweaker
[15:06:23] [main/INFO]: Calling tweak class net.minecraftforge.fml.common.launcher.FMLInjectionAndSortingTweaker
[15:06:23] [main/INFO]: Calling tweak class net.minecraftforge.fml.relauncher.CoreModManager$FMLPluginWrapper
[15:06:25] [main/INFO]: Found valid fingerprint for Minecraft Forge. Certificate fingerprint e3c3d50c7c986df74c645c0ac54639741c90a557
[15:06:25] [main/INFO]: Found valid fingerprint for Minecraft. Certificate fingerprint cd99959656f753dc28d863b46769f7f8fbaefcfc
[15:06:25] [main/INFO]: Calling tweak class net.minecraftforge.fml.relauncher.CoreModManager$FMLPluginWrapper
[15:06:25] [main/INFO]: Calling tweak class net.minecraftforge.fml.common.launcher.FMLDeobfTweaker
[15:06:25] [main/INFO]: Calling tweak class net.minecraftforge.fml.relauncher.CoreModManager$FMLPluginWrapper
[15:06:25] [main/INFO]: Loading tweak class name net.minecraftforge.fml.common.launcher.TerminalTweaker
[15:06:25] [main/INFO]: Calling tweak class net.minecraftforge.fml.common.launcher.TerminalTweaker
[15:06:25] [main/INFO]: Launching wrapped minecraft {net.minecraft.client.main.Main}
[15:06:26] [Client thread/INFO]: Setting user: Nomlasalmon
[15:06:31] [Client thread/INFO]: LWJGL Version: 2.9.4
[15:06:33] [Client thread/INFO]: Could not load splash.properties, will create a default one
[15:06:33] [Client thread/INFO]: -- System Details --
Details:
	Minecraft Version: 1.12.2
	Operating System: Windows 10 (amd64) version 10.0
	Java Version: 1.8.0_51, Oracle Corporation
	Java VM Version: Java HotSpot(TM) 64-Bit Server VM (mixed mode), Oracle Corporation
	Memory: 133882816 bytes (127 MB) / 727711744 bytes (694 MB) up to 3008888832 bytes (2869 MB)
	JVM Flags: 4 total; -XX:HeapDumpPath=MojangTricksIntelDriversForPerformance_javaw.exe_minecraft.exe.heapdump -Xmx3228m -Xms256m -XX:PermSize=256m
	IntCache: cache: 0, tcache: 0, allocated: 0, tallocated: 0
	FML: 
	Loaded coremods (and transformers): 
AppleCore (AppleCore-mc1.12.2-3.4.0.jar)
  squeek.applecore.asm.TransformerModuleHandler
	GL info: ' Vendor: 'NVIDIA Corporation' Version: '4.6.0 NVIDIA 442.23' Renderer: 'GeForce GTX 1650/PCIe/SSE2'
[15:06:33] [Client thread/INFO]: MinecraftForge v14.23.5.2854 Initialized
[15:06:33] [Client thread/INFO]: Starts to replace vanilla recipe ingredients with ore ingredients.
[15:06:33] [Client thread/INFO]: Invalid recipe found with multiple oredict ingredients in the same ingredient...
[15:06:33] [Client thread/INFO]: Replaced 1227 ore ingredients
[15:06:34] [Client thread/INFO]: Searching C:\Users\danie\Twitch\Minecraft\Instances\New Greg\mods for mods
[15:06:35] [Client thread/INFO]: Forge Mod Loader has identified 12 mods to load
[15:06:35] [Client thread/FATAL]: net.minecraftforge.fml.common.MissingModsException: Mod advanced_solar_panels (Advanced Solar Panels) requires [ic2@[2.8.74,)]
[15:06:35] [Client thread/ERROR]: An exception was thrown, the game will display an error screen and halt.
net.minecraftforge.fml.common.MissingModsException: Mod advanced_solar_panels (Advanced Solar Panels) requires [ic2@[2.8.74,)]
	at net.minecraftforge.fml.common.Loader.sortModList(Loader.java:266) ~[Loader.class:?]
	at net.minecraftforge.fml.common.Loader.loadMods(Loader.java:572) ~[Loader.class:?]
	at net.minecraftforge.fml.client.FMLClientHandler.beginMinecraftLoading(FMLClientHandler.java:232) [FMLClientHandler.class:?]
	at net.minecraft.client.Minecraft.func_71384_a(Minecraft.java:467) [bib.class:?]
	at net.minecraft.client.Minecraft.func_99999_d(Minecraft.java:378) [bib.class:?]
	at net.minecraft.client.main.Main.main(SourceFile:123) [Main.class:?]
	at sun.reflect.NativeMethodAccessorImpl.invoke0(Native Method) ~[?:1.8.0_51]
	at sun.reflect.NativeMethodAccessorImpl.invoke(NativeMethodAccessorImpl.java:62) ~[?:1.8.0_51]
	at sun.reflect.DelegatingMethodAccessorImpl.invoke(DelegatingMethodAccessorImpl.java:43) ~[?:1.8.0_51]
	at java.lang.reflect.Method.invoke(Method.java:497) ~[?:1.8.0_51]
	at net.minecraft.launchwrapper.Launch.launch(Launch.java:135) [launchwrapper-1.12.jar:?]
	at net.minecraft.launchwrapper.Launch.main(Launch.java:28) [launchwrapper-1.12.jar:?]
[15:06:35] [Client thread/WARN]: EventBus 0 shutting down - future events will not be posted.
[15:06:35] [Client thread/INFO]: Reloading ResourceManager: Default, FMLFileResourcePack:Forge Mod Loader, FMLFileResourcePack:Minecraft Forge, FMLFileResourcePack:Advanced Solar Panels, FMLFileResourcePack:AppleCore, FMLFileResourcePack:Carpenter's Blocks, FMLFileResourcePack:Forestry, FMLFileResourcePack:Hunger Overhaul, FMLFileResourcePack:Pam's HarvestCraft, FMLFileResourcePack:Refined Storage, FMLFileResourcePack:Traveler's Backpack
[15:06:36] [Client thread/WARN]: There were errors previously. Not beginning mod initialization phase
[15:06:36] [Sound Library Loader/INFO]: Starting up SoundSystem...
[15:06:36] [Thread-3/INFO]: Using sync timing. 200 frames of Display.update took 925869290 nanos
[15:06:36] [Thread-5/INFO]: Initializing LWJGL OpenAL
[15:06:36] [Thread-5/INFO]: (The LWJGL binding of OpenAL.  For more information, see http://www.lwjgl.org)
[15:06:36] [Thread-5/INFO]: OpenAL initialized.
[15:06:37] [Sound Library Loader/INFO]: Sound engine started
[15:06:37] [Client thread/INFO]: Narrator library for x64 successfully loaded
[15:06:46] [Client thread/INFO]: Stopping!
[15:06:46] [Client thread/INFO]: SoundSystem shutting down...
[15:06:46] [Client thread/WARN]: Author: Paul Lamb, www.paulscode.com
